
*** src/add.rs:2:5: replace add -> i32 with 1

*** mutation diff:
--- src/add.rs
+++ replace add -> i32 with 1
@@ -1,10 +1,10 @@
 pub fn add(a: i32, b: i32) -> i32 {
-    a + b
+    1 /* ~ changed by cargo-mutants ~ */
 }
 
 #[cfg(test)]
 mod test {
     use super::*;
     use pretty_assertions::assert_eq;
 
     #[test]


*** /home/nigel/.rustup/toolchains/stable-x86_64-unknown-linux-gnu/bin/cargo test --no-run --verbose --package=sco-presentation-testing@0.1.0
       Fresh yansi v1.0.1
       Fresh diff v0.1.13
       Fresh pretty_assertions v1.4.1
       Dirty sco-presentation-testing v0.1.0 (/tmp/cargo-mutants-sco-presentation-testing-zYjbPs.tmp): the file `src/main.rs` has changed (1736566053.443778899s, 374007322ns after last build at 1736566053.069771577s)
   Compiling sco-presentation-testing v0.1.0 (/tmp/cargo-mutants-sco-presentation-testing-zYjbPs.tmp)
     Running `/home/nigel/.rustup/toolchains/stable-x86_64-unknown-linux-gnu/bin/rustc --crate-name sco_presentation_testing --edition=2021 src/main.rs --error-format=json --json=diagnostic-rendered-ansi,artifacts,future-incompat --emit=dep-info,link -C embed-bitcode=no -C debuginfo=2 --test --check-cfg 'cfg(docsrs)' --check-cfg 'cfg(feature, values())' -C metadata=7308a786abe99e8c -C extra-filename=-7308a786abe99e8c --out-dir /tmp/cargo-mutants-sco-presentation-testing-zYjbPs.tmp/target/debug/deps -C incremental=/tmp/cargo-mutants-sco-presentation-testing-zYjbPs.tmp/target/debug/incremental -L dependency=/tmp/cargo-mutants-sco-presentation-testing-zYjbPs.tmp/target/debug/deps --extern pretty_assertions=/tmp/cargo-mutants-sco-presentation-testing-zYjbPs.tmp/target/debug/deps/libpretty_assertions-2c1f0372416beea5.rlib`
warning: unused variable: `a`
 --> src/add.rs:1:12
  |
1 | pub fn add(a: i32, b: i32) -> i32 {
  |            ^ help: if this is intentional, prefix it with an underscore: `_a`
  |
  = note: `#[warn(unused_variables)]` on by default

warning: unused variable: `b`
 --> src/add.rs:1:20
  |
1 | pub fn add(a: i32, b: i32) -> i32 {
  |                    ^ help: if this is intentional, prefix it with an underscore: `_b`

warning: `sco-presentation-testing` (bin "sco-presentation-testing" test) generated 2 warnings
    Finished `test` profile [unoptimized + debuginfo] target(s) in 0.28s
  Executable `/tmp/cargo-mutants-sco-presentation-testing-zYjbPs.tmp/target/debug/deps/sco_presentation_testing-7308a786abe99e8c`

*** result: Success

*** /home/nigel/.rustup/toolchains/stable-x86_64-unknown-linux-gnu/bin/cargo test --verbose --package=sco-presentation-testing@0.1.0
       Fresh diff v0.1.13
       Fresh yansi v1.0.1
       Fresh pretty_assertions v1.4.1
       Fresh sco-presentation-testing v0.1.0 (/tmp/cargo-mutants-sco-presentation-testing-zYjbPs.tmp)
warning: unused variable: `a`
 --> src/add.rs:1:12
  |
1 | pub fn add(a: i32, b: i32) -> i32 {
  |            ^ help: if this is intentional, prefix it with an underscore: `_a`
  |
  = note: `#[warn(unused_variables)]` on by default

warning: unused variable: `b`
 --> src/add.rs:1:20
  |
1 | pub fn add(a: i32, b: i32) -> i32 {
  |                    ^ help: if this is intentional, prefix it with an underscore: `_b`

warning: `sco-presentation-testing` (bin "sco-presentation-testing" test) generated 2 warnings
    Finished `test` profile [unoptimized + debuginfo] target(s) in 0.00s
     Running `/tmp/cargo-mutants-sco-presentation-testing-zYjbPs.tmp/target/debug/deps/sco_presentation_testing-7308a786abe99e8c`

running 2 tests
test test::main_can_invoked ... ok
test add::test::add_function_works ... FAILED

failures:

---- add::test::add_function_works stdout ----
thread 'add::test::add_function_works' panicked at src/add.rs:12:9:
assertion failed: `(left == right)`

[1mDiff[0m [31m< left[0m / [32mright >[0m :
[31m<[0m[1;48;5;52;31m1[0m
[32m>[0m[1;48;5;22;32m8[0m


note: run with `RUST_BACKTRACE=1` environment variable to display a backtrace


failures:
    add::test::add_function_works

test result: FAILED. 1 passed; 1 failed; 0 ignored; 0 measured; 0 filtered out; finished in 0.00s

error: test failed, to rerun pass `-p sco-presentation-testing --bin sco-presentation-testing`

*** result: Failure(101)
